Loading mpi version 2021.6.0
===================================================================================
SLURM Job ID:            7343279
Submit time:             Tue Apr 14 02:39:07 BST 2026 (Unix Epoch time: 1776130747)
Start time:              Tue Apr 14 02:39:08 BST 2026 (Unix Epoch time: 1776130748)
No. nodes:               1
No. tasks:               40
Job name:                Assignment4LatticeSweep
Account:                 teaching
QoS:                     teaching
Partition (queue):       teaching
Submit directory:        /users/gmb22123/PH510/Assignment4
Script name:             /users/gmb22123/PH510/Assignment4/jobscript.sh
Master node:             wee08
Nodes used:              wee08
Task distribution:       
===================================================================================

T=1.00, E=-1.79, M=0.61, E2=3.21, Cv=5.70
T=1.07, E=-1.81, M=0.66, E2=3.32, Cv=5.95
T=1.14, E=-1.78, M=0.53, E2=3.18, Cv=4.85
T=1.21, E=-1.80, M=0.68, E2=3.28, Cv=4.99
T=1.28, E=-1.80, M=0.68, E2=3.26, Cv=4.15
T=1.34, E=-1.77, M=0.65, E2=3.17, Cv=3.69
T=1.41, E=-1.74, M=0.63, E2=3.06, Cv=3.96
T=1.48, E=-1.72, M=0.57, E2=2.99, Cv=3.59
T=1.55, E=-1.69, M=0.59, E2=2.90, Cv=3.31
T=1.62, E=-1.68, M=0.62, E2=2.86, Cv=2.86
T=1.69, E=-1.62, M=0.52, E2=2.66, Cv=3.03
T=1.76, E=-1.61, M=0.56, E2=2.61, Cv=2.98
T=1.83, E=-1.61, M=0.63, E2=2.64, Cv=2.55
T=1.90, E=-1.54, M=0.54, E2=2.42, Cv=2.40
T=1.97, E=-1.48, M=0.49, E2=2.24, Cv=2.32
T=2.03, E=-1.42, M=0.48, E2=2.05, Cv=1.76
T=2.10, E=-1.43, M=0.53, E2=2.08, Cv=2.07
T=2.17, E=-1.34, M=0.44, E2=1.81, Cv=1.52
T=2.24, E=-1.31, M=0.44, E2=1.74, Cv=1.69
T=2.31, E=-1.27, M=0.43, E2=1.65, Cv=1.55
T=2.38, E=-1.21, M=0.42, E2=1.49, Cv=1.51
T=2.45, E=-1.13, M=0.32, E2=1.30, Cv=0.96
T=2.52, E=-1.08, M=0.30, E2=1.20, Cv=0.98
T=2.59, E=-1.04, M=0.31, E2=1.11, Cv=0.84
T=2.66, E=-1.00, M=0.26, E2=1.02, Cv=0.66
T=2.72, E=-0.94, M=0.23, E2=0.91, Cv=0.58
T=2.79, E=-0.91, M=0.20, E2=0.84, Cv=0.48
T=2.86, E=-0.88, M=0.20, E2=0.80, Cv=0.47
T=2.93, E=-0.85, M=0.22, E2=0.74, Cv=0.40
T=3.00, E=-0.81, M=0.17, E2=0.67, Cv=0.37
Ising Model - Lattice Size: 16, Number of processors: 40 ---------------------------------------
Ising Model - Lattice Size: 16, Timing: 2.55 seconds. -------------
T=1.00, E=-1.77, M=0.29, E2=3.13, Cv=4.61
T=1.07, E=-1.77, M=0.34, E2=3.15, Cv=3.70
T=1.14, E=-1.75, M=0.29, E2=3.05, Cv=3.66
T=1.21, E=-1.74, M=0.29, E2=3.03, Cv=3.68
T=1.28, E=-1.73, M=0.32, E2=3.01, Cv=3.81
T=1.34, E=-1.73, M=0.31, E2=2.99, Cv=2.79
T=1.41, E=-1.71, M=0.29, E2=2.93, Cv=3.72
T=1.48, E=-1.69, M=0.33, E2=2.85, Cv=3.48
T=1.55, E=-1.65, M=0.25, E2=2.72, Cv=2.21
T=1.62, E=-1.63, M=0.23, E2=2.68, Cv=2.30
T=1.69, E=-1.63, M=0.35, E2=2.66, Cv=2.97
T=1.76, E=-1.59, M=0.31, E2=2.53, Cv=2.31
T=1.83, E=-1.55, M=0.25, E2=2.40, Cv=1.98
T=1.90, E=-1.51, M=0.26, E2=2.28, Cv=2.10
T=1.97, E=-1.48, M=0.27, E2=2.19, Cv=1.88
T=2.03, E=-1.44, M=0.31, E2=2.08, Cv=1.75
T=2.10, E=-1.39, M=0.30, E2=1.95, Cv=2.05
T=2.17, E=-1.32, M=0.20, E2=1.75, Cv=1.38
T=2.24, E=-1.28, M=0.20, E2=1.65, Cv=1.30
T=2.31, E=-1.21, M=0.16, E2=1.47, Cv=1.00
T=2.38, E=-1.17, M=0.14, E2=1.38, Cv=0.81
T=2.45, E=-1.14, M=0.21, E2=1.31, Cv=1.12
T=2.52, E=-1.07, M=0.15, E2=1.16, Cv=0.74
T=2.59, E=-1.04, M=0.16, E2=1.08, Cv=0.73
T=2.66, E=-0.98, M=0.14, E2=0.96, Cv=0.70
T=2.72, E=-0.94, M=0.11, E2=0.89, Cv=0.56
T=2.79, E=-0.91, M=0.11, E2=0.84, Cv=0.56
T=2.86, E=-0.87, M=0.10, E2=0.76, Cv=0.45
T=2.93, E=-0.84, M=0.09, E2=0.71, Cv=0.41
T=3.00, E=-0.81, M=0.08, E2=0.67, Cv=0.42
Ising Model - Lattice Size: 32, Number of processors: 40 ---------------------------------------
Ising Model - Lattice Size: 32, Timing: 10.14 seconds. -------------
T=1.00, E=-1.77, M=0.16, E2=3.13, Cv=9.04
T=1.07, E=-1.77, M=0.15, E2=3.12, Cv=9.83
T=1.14, E=-1.75, M=0.12, E2=3.05, Cv=8.56
T=1.21, E=-1.74, M=0.13, E2=3.04, Cv=7.27
T=1.28, E=-1.73, M=0.13, E2=3.00, Cv=7.09
T=1.34, E=-1.71, M=0.13, E2=2.93, Cv=6.47
T=1.41, E=-1.70, M=0.14, E2=2.89, Cv=5.75
T=1.48, E=-1.69, M=0.14, E2=2.85, Cv=5.84
T=1.55, E=-1.67, M=0.15, E2=2.78, Cv=5.37
T=1.62, E=-1.64, M=0.12, E2=2.69, Cv=5.30
T=1.69, E=-1.62, M=0.16, E2=2.61, Cv=5.39
T=1.76, E=-1.59, M=0.10, E2=2.52, Cv=4.46
T=1.83, E=-1.55, M=0.13, E2=2.41, Cv=4.15
T=1.90, E=-1.52, M=0.13, E2=2.30, Cv=4.06
T=1.97, E=-1.48, M=0.12, E2=2.18, Cv=3.76
T=2.03, E=-1.43, M=0.12, E2=2.05, Cv=3.24
T=2.10, E=-1.38, M=0.12, E2=1.92, Cv=2.93
T=2.17, E=-1.33, M=0.12, E2=1.77, Cv=2.31
T=2.24, E=-1.28, M=0.12, E2=1.64, Cv=1.89
T=2.31, E=-1.23, M=0.12, E2=1.51, Cv=1.54
T=2.38, E=-1.18, M=0.10, E2=1.39, Cv=1.10
T=2.45, E=-1.12, M=0.06, E2=1.26, Cv=1.00
T=2.52, E=-1.07, M=0.07, E2=1.15, Cv=0.87
T=2.59, E=-1.03, M=0.07, E2=1.06, Cv=0.73
T=2.66, E=-0.98, M=0.06, E2=0.97, Cv=0.60
T=2.72, E=-0.94, M=0.07, E2=0.89, Cv=0.57
T=2.79, E=-0.91, M=0.05, E2=0.83, Cv=0.49
T=2.86, E=-0.88, M=0.05, E2=0.77, Cv=0.48
T=2.93, E=-0.85, M=0.05, E2=0.72, Cv=0.44
T=3.00, E=-0.82, M=0.04, E2=0.67, Cv=0.42
Ising Model - Lattice Size: 64, Number of processors: 40 ---------------------------------------
Ising Model - Lattice Size: 64, Timing: 39.85 seconds. -------------
T=1.00, E=-1.77, M=0.08, E2=3.13, Cv=36.25
T=1.07, E=-1.76, M=0.08, E2=3.10, Cv=29.61
T=1.14, E=-1.75, M=0.08, E2=3.08, Cv=27.07
T=1.21, E=-1.74, M=0.07, E2=3.04, Cv=27.20
T=1.28, E=-1.73, M=0.06, E2=3.00, Cv=21.94
T=1.34, E=-1.72, M=0.07, E2=2.95, Cv=22.33
T=1.41, E=-1.70, M=0.06, E2=2.89, Cv=18.88
T=1.48, E=-1.68, M=0.07, E2=2.84, Cv=18.98
T=1.55, E=-1.66, M=0.08, E2=2.77, Cv=17.80
T=1.62, E=-1.64, M=0.06, E2=2.70, Cv=16.57
T=1.69, E=-1.61, M=0.07, E2=2.60, Cv=15.96
T=1.76, E=-1.59, M=0.08, E2=2.52, Cv=15.35
T=1.83, E=-1.55, M=0.07, E2=2.41, Cv=13.52
T=1.90, E=-1.51, M=0.07, E2=2.29, Cv=13.07
T=1.97, E=-1.48, M=0.05, E2=2.19, Cv=11.17
T=2.03, E=-1.43, M=0.06, E2=2.05, Cv=8.99
T=2.10, E=-1.39, M=0.06, E2=1.93, Cv=7.97
T=2.17, E=-1.33, M=0.05, E2=1.78, Cv=6.26
T=2.24, E=-1.28, M=0.07, E2=1.64, Cv=4.57
T=2.31, E=-1.23, M=0.04, E2=1.50, Cv=3.08
T=2.38, E=-1.18, M=0.05, E2=1.38, Cv=2.08
T=2.45, E=-1.12, M=0.04, E2=1.26, Cv=1.45
T=2.52, E=-1.07, M=0.04, E2=1.15, Cv=1.05
T=2.59, E=-1.03, M=0.03, E2=1.06, Cv=0.81
T=2.66, E=-0.99, M=0.03, E2=0.97, Cv=0.62
T=2.72, E=-0.95, M=0.03, E2=0.90, Cv=0.70
T=2.79, E=-0.91, M=0.02, E2=0.83, Cv=0.55
T=2.86, E=-0.87, M=0.02, E2=0.77, Cv=0.49
T=2.93, E=-0.85, M=0.02, E2=0.72, Cv=0.46
T=3.00, E=-0.82, M=0.02, E2=0.67, Cv=0.41
Ising Model - Lattice Size: 128, Number of processors: 40 ---------------------------------------
Ising Model - Lattice Size: 128, Timing: 158.00 seconds. -------------
T=0.50, E=-1.53, M=0.07, E2=2.35, Cv=5.37
T=0.53, E=-1.50, M=0.00, E2=2.25, Cv=4.56
T=0.57, E=-1.49, M=0.16, E2=2.24, Cv=5.45
T=0.60, E=-1.48, M=0.02, E2=2.20, Cv=5.40
T=0.64, E=-1.46, M=0.03, E2=2.13, Cv=4.04
T=0.67, E=-1.43, M=0.01, E2=2.04, Cv=3.22
T=0.71, E=-1.41, M=0.08, E2=1.99, Cv=2.78
T=0.74, E=-1.39, M=0.07, E2=1.95, Cv=3.49
T=0.78, E=-1.37, M=0.03, E2=1.88, Cv=2.85
T=0.81, E=-1.34, M=0.06, E2=1.82, Cv=3.04
T=0.84, E=-1.31, M=0.11, E2=1.72, Cv=2.41
T=0.88, E=-1.29, M=0.04, E2=1.68, Cv=2.78
T=0.91, E=-1.25, M=0.02, E2=1.58, Cv=2.28
T=0.95, E=-1.24, M=0.10, E2=1.55, Cv=2.00
T=0.98, E=-1.20, M=0.08, E2=1.45, Cv=1.57
T=1.02, E=-1.18, M=0.04, E2=1.40, Cv=1.93
T=1.05, E=-1.14, M=0.00, E2=1.31, Cv=1.75
T=1.09, E=-1.11, M=0.06, E2=1.23, Cv=1.37
T=1.12, E=-1.08, M=0.05, E2=1.16, Cv=1.44
T=1.16, E=-1.04, M=0.07, E2=1.09, Cv=1.52
T=1.19, E=-1.01, M=0.00, E2=1.03, Cv=1.18
T=1.22, E=-0.98, M=0.03, E2=0.96, Cv=1.40
T=1.26, E=-0.95, M=0.06, E2=0.90, Cv=1.02
T=1.29, E=-0.93, M=0.06, E2=0.88, Cv=1.13
T=1.33, E=-0.89, M=0.02, E2=0.80, Cv=0.94
T=1.36, E=-0.87, M=0.03, E2=0.76, Cv=0.81
T=1.40, E=-0.85, M=0.01, E2=0.73, Cv=0.87
T=1.43, E=-0.83, M=0.01, E2=0.69, Cv=0.76
T=1.47, E=-0.80, M=0.00, E2=0.65, Cv=0.66
T=1.50, E=-0.78, M=0.04, E2=0.61, Cv=0.72
XY Model - Lattice Size: 16, Number of processors: 40------------------------------------------
XY Model - Lattice Size: 16, Timing: 7.25 seconds ------------------------
T=0.50, E=-1.53, M=0.01, E2=2.35, Cv=17.48
T=0.53, E=-1.51, M=0.03, E2=2.30, Cv=14.95
T=0.57, E=-1.49, M=0.06, E2=2.24, Cv=12.08
T=0.60, E=-1.47, M=0.03, E2=2.17, Cv=12.80
T=0.64, E=-1.45, M=0.04, E2=2.11, Cv=10.46
T=0.67, E=-1.43, M=0.01, E2=2.06, Cv=9.29
T=0.71, E=-1.41, M=0.06, E2=2.00, Cv=7.94
T=0.74, E=-1.39, M=0.07, E2=1.94, Cv=6.57
T=0.78, E=-1.36, M=0.01, E2=1.86, Cv=6.14
T=0.81, E=-1.34, M=0.03, E2=1.80, Cv=5.95
T=0.84, E=-1.31, M=0.01, E2=1.73, Cv=5.34
T=0.88, E=-1.28, M=0.01, E2=1.65, Cv=4.66
T=0.91, E=-1.26, M=0.02, E2=1.59, Cv=3.61
T=0.95, E=-1.23, M=0.03, E2=1.51, Cv=3.97
T=0.98, E=-1.20, M=0.03, E2=1.43, Cv=3.04
T=1.02, E=-1.17, M=0.02, E2=1.37, Cv=3.24
T=1.05, E=-1.14, M=0.00, E2=1.29, Cv=2.32
T=1.09, E=-1.10, M=0.01, E2=1.20, Cv=1.93
T=1.12, E=-1.08, M=0.01, E2=1.16, Cv=1.99
T=1.16, E=-1.05, M=0.05, E2=1.10, Cv=1.84
T=1.19, E=-1.01, M=0.00, E2=1.03, Cv=1.40
T=1.22, E=-0.98, M=0.02, E2=0.97, Cv=1.42
T=1.26, E=-0.95, M=0.01, E2=0.91, Cv=1.15
T=1.29, E=-0.93, M=0.01, E2=0.86, Cv=1.07
T=1.33, E=-0.89, M=0.02, E2=0.80, Cv=0.96
T=1.36, E=-0.87, M=0.02, E2=0.75, Cv=0.89
T=1.40, E=-0.84, M=0.01, E2=0.71, Cv=0.82
T=1.43, E=-0.82, M=0.00, E2=0.68, Cv=0.83
T=1.47, E=-0.80, M=0.01, E2=0.64, Cv=0.77
T=1.50, E=-0.77, M=0.01, E2=0.60, Cv=0.59
XY Model - Lattice Size: 32, Number of processors: 40------------------------------------------
XY Model - Lattice Size: 32, Timing: 28.42 seconds ------------------------
T=0.50, E=-1.53, M=0.02, E2=2.35, Cv=59.12
T=0.53, E=-1.51, M=0.02, E2=2.29, Cv=51.51
T=0.57, E=-1.49, M=0.01, E2=2.24, Cv=45.15
T=0.60, E=-1.48, M=0.01, E2=2.18, Cv=42.87
T=0.64, E=-1.46, M=0.02, E2=2.12, Cv=37.01
T=0.67, E=-1.43, M=0.01, E2=2.06, Cv=31.02
T=0.71, E=-1.41, M=0.02, E2=2.01, Cv=27.17
T=0.74, E=-1.39, M=0.01, E2=1.94, Cv=24.02
T=0.78, E=-1.37, M=0.00, E2=1.87, Cv=20.90
T=0.81, E=-1.34, M=0.00, E2=1.79, Cv=19.66
T=0.84, E=-1.31, M=0.00, E2=1.73, Cv=15.89
T=0.88, E=-1.28, M=0.01, E2=1.65, Cv=14.90
T=0.91, E=-1.26, M=0.01, E2=1.59, Cv=12.57
T=0.95, E=-1.23, M=0.01, E2=1.52, Cv=11.60
T=0.98, E=-1.20, M=0.01, E2=1.44, Cv=9.15
T=1.02, E=-1.17, M=0.00, E2=1.37, Cv=8.19
T=1.05, E=-1.14, M=0.01, E2=1.29, Cv=6.65
T=1.09, E=-1.11, M=0.01, E2=1.22, Cv=5.20
T=1.12, E=-1.08, M=0.01, E2=1.16, Cv=4.21
T=1.16, E=-1.04, M=0.01, E2=1.08, Cv=3.37
T=1.19, E=-1.01, M=0.01, E2=1.03, Cv=2.90
T=1.22, E=-0.98, M=0.01, E2=0.97, Cv=2.13
T=1.26, E=-0.95, M=0.01, E2=0.91, Cv=1.81
T=1.29, E=-0.92, M=0.01, E2=0.86, Cv=1.74
T=1.33, E=-0.90, M=0.01, E2=0.81, Cv=1.30
T=1.36, E=-0.87, M=0.00, E2=0.76, Cv=1.17
T=1.40, E=-0.84, M=0.00, E2=0.71, Cv=0.88
T=1.43, E=-0.82, M=0.02, E2=0.67, Cv=0.88
T=1.47, E=-0.80, M=0.00, E2=0.63, Cv=0.79
T=1.50, E=-0.77, M=0.00, E2=0.60, Cv=0.82
XY Model - Lattice Size: 64, Number of processors: 40------------------------------------------
XY Model - Lattice Size: 64, Timing: 109.52 seconds ------------------------
T=0.50, E=-1.53, M=0.00, E2=2.35, Cv=234.75
T=0.53, E=-1.51, M=0.00, E2=2.29, Cv=203.91
T=0.57, E=-1.50, M=0.01, E2=2.24, Cv=174.07
T=0.60, E=-1.48, M=0.00, E2=2.19, Cv=150.90
T=0.64, E=-1.45, M=0.01, E2=2.12, Cv=132.09
T=0.67, E=-1.44, M=0.00, E2=2.07, Cv=118.57
T=0.71, E=-1.41, M=0.00, E2=2.00, Cv=106.08
T=0.74, E=-1.39, M=0.00, E2=1.93, Cv=91.42
T=0.78, E=-1.37, M=0.00, E2=1.87, Cv=81.29
T=0.81, E=-1.34, M=0.00, E2=1.80, Cv=71.55
T=0.84, E=-1.31, M=0.00, E2=1.73, Cv=61.84
T=0.88, E=-1.29, M=0.00, E2=1.66, Cv=53.41
T=0.91, E=-1.26, M=0.00, E2=1.58, Cv=44.46
T=0.95, E=-1.23, M=0.01, E2=1.51, Cv=39.60
T=0.98, E=-1.20, M=0.00, E2=1.44, Cv=32.90
T=1.02, E=-1.17, M=0.00, E2=1.37, Cv=26.15
T=1.05, E=-1.14, M=0.01, E2=1.30, Cv=23.48
T=1.09, E=-1.11, M=0.00, E2=1.23, Cv=17.83
T=1.12, E=-1.08, M=0.00, E2=1.16, Cv=13.54
T=1.16, E=-1.04, M=0.00, E2=1.09, Cv=10.70
T=1.19, E=-1.01, M=0.00, E2=1.03, Cv=8.24
T=1.22, E=-0.98, M=0.00, E2=0.97, Cv=5.92
T=1.26, E=-0.95, M=0.00, E2=0.91, Cv=4.88
T=1.29, E=-0.92, M=0.00, E2=0.86, Cv=3.77
T=1.33, E=-0.89, M=0.00, E2=0.80, Cv=2.47
T=1.36, E=-0.87, M=0.00, E2=0.76, Cv=2.01
T=1.40, E=-0.84, M=0.00, E2=0.71, Cv=1.66
T=1.43, E=-0.82, M=0.00, E2=0.67, Cv=1.22
T=1.47, E=-0.80, M=0.00, E2=0.63, Cv=1.08
T=1.50, E=-0.77, M=0.00, E2=0.60, Cv=0.93
XY Model - Lattice Size: 128, Number of processors: 40------------------------------------------
XY Model - Lattice Size: 128, Timing: 437.19 seconds ------------------------
===================================================================================
SLURM job 7343279 ended:     Tue Apr 14 02:52:31 BST 2026 (Unix Epoch time: 1776131551)
This is an estimated end time using the 'date' command from node wee08.hpc.strath.ac.uk
For accurate timings, use 'sacct -j 7343279 -X --format=Submit,Start,End,Elapsed'
======================================================================================
