Loading mpi version 2021.6.0
===================================================================================
SLURM Job ID:            7343278
Submit time:             Tue Apr 14 02:36:56 BST 2026 (Unix Epoch time: 1776130616)
Start time:              Tue Apr 14 02:36:57 BST 2026 (Unix Epoch time: 1776130617)
No. nodes:               1
No. tasks:               40
Job name:                Assignment4Parallelism
Account:                 teaching
QoS:                     teaching
Partition (queue):       teaching
Submit directory:        /users/gmb22123/PH510/Assignment4/Parallelism
Script name:             /users/gmb22123/PH510/Assignment4/Parallelism/jobscript.sh
Master node:             wee09
Nodes used:              wee09
Task distribution:       
===================================================================================

T=1.00, E=-2.00, M=1.00, E2=3.99, Cv=0.02
T=1.07, E=-2.00, M=1.00, E2=3.98, Cv=0.03
T=1.14, E=-1.99, M=1.00, E2=3.97, Cv=0.05
T=1.21, E=-1.99, M=1.00, E2=3.95, Cv=0.08
T=1.28, E=-1.98, M=1.00, E2=3.93, Cv=0.09
T=1.34, E=-1.97, M=0.99, E2=3.90, Cv=0.12
T=1.41, E=-1.97, M=0.99, E2=3.87, Cv=0.15
T=1.48, E=-1.95, M=0.99, E2=3.81, Cv=0.21
T=1.55, E=-1.94, M=0.98, E2=3.78, Cv=0.22
T=1.62, E=-1.92, M=0.98, E2=3.68, Cv=0.34
T=1.69, E=-1.90, M=0.97, E2=3.60, Cv=0.33
T=1.76, E=-1.87, M=0.96, E2=3.51, Cv=0.41
T=1.83, E=-1.84, M=0.95, E2=3.41, Cv=0.46
T=1.90, E=-1.81, M=0.94, E2=3.28, Cv=0.57
T=1.97, E=-1.77, M=0.93, E2=3.16, Cv=0.62
T=2.03, E=-1.72, M=0.90, E2=2.95, Cv=0.68
T=2.10, E=-1.68, M=0.88, E2=2.82, Cv=0.84
T=2.17, E=-1.59, M=0.83, E2=2.55, Cv=0.96
T=2.24, E=-1.42, M=0.63, E2=2.05, Cv=1.70
T=2.31, E=-1.43, M=0.72, E2=2.07, Cv=1.38
T=2.38, E=-1.31, M=0.60, E2=1.75, Cv=1.46
T=2.45, E=-1.21, M=0.50, E2=1.48, Cv=1.17
T=2.52, E=-1.09, M=0.31, E2=1.21, Cv=0.86
T=2.59, E=-1.04, M=0.30, E2=1.11, Cv=0.93
T=2.66, E=-0.99, M=0.25, E2=0.99, Cv=0.68
T=2.72, E=-0.95, M=0.24, E2=0.92, Cv=0.58
T=2.79, E=-0.92, M=0.19, E2=0.86, Cv=0.48
T=2.86, E=-0.88, M=0.19, E2=0.79, Cv=0.50
T=2.93, E=-0.86, M=0.18, E2=0.75, Cv=0.43
T=3.00, E=-0.81, M=0.19, E2=0.67, Cv=0.43
Ising Model - Lattice Size: 16, Number of processors: 1 ---------------------------------------
Ising Model - Lattice Size: 16, Timing: 61.74 seconds. -------------
T=0.50, E=-1.73, M=0.14, E2=2.99, Cv=0.64
T=0.53, E=-1.71, M=0.66, E2=2.94, Cv=0.52
T=0.57, E=-1.69, M=0.49, E2=2.85, Cv=0.55
T=0.60, E=-1.67, M=0.18, E2=2.79, Cv=0.66
T=0.64, E=-1.65, M=0.32, E2=2.71, Cv=0.68
T=0.67, E=-1.63, M=0.66, E2=2.66, Cv=0.66
T=0.71, E=-1.60, M=0.85, E2=2.55, Cv=0.72
T=0.74, E=-1.57, M=0.33, E2=2.47, Cv=0.62
T=0.78, E=-1.55, M=0.75, E2=2.41, Cv=0.72
T=0.81, E=-1.52, M=0.62, E2=2.32, Cv=0.73
T=0.84, E=-1.49, M=0.81, E2=2.23, Cv=0.86
T=0.88, E=-1.47, M=0.92, E2=2.17, Cv=0.82
T=0.91, E=-1.43, M=0.52, E2=2.05, Cv=1.02
T=0.95, E=-1.39, M=0.08, E2=1.93, Cv=1.31
T=0.98, E=-1.37, M=0.54, E2=1.87, Cv=0.96
T=1.02, E=-1.32, M=0.62, E2=1.76, Cv=1.30
T=1.05, E=-1.25, M=0.34, E2=1.56, Cv=1.68
T=1.09, E=-1.21, M=0.50, E2=1.48, Cv=1.48
T=1.12, E=-1.14, M=0.44, E2=1.31, Cv=1.46
T=1.16, E=-1.12, M=0.13, E2=1.26, Cv=1.27
T=1.19, E=-1.05, M=0.07, E2=1.12, Cv=1.39
T=1.22, E=-1.03, M=0.12, E2=1.06, Cv=1.05
T=1.26, E=-0.99, M=0.02, E2=0.98, Cv=1.17
T=1.29, E=-0.94, M=0.02, E2=0.88, Cv=0.97
T=1.33, E=-0.92, M=0.06, E2=0.85, Cv=0.93
T=1.36, E=-0.89, M=0.10, E2=0.80, Cv=0.88
T=1.40, E=-0.85, M=0.03, E2=0.73, Cv=0.83
T=1.43, E=-0.83, M=0.11, E2=0.70, Cv=0.84
T=1.47, E=-0.80, M=0.01, E2=0.65, Cv=0.64
T=1.50, E=-0.78, M=0.04, E2=0.62, Cv=0.63
XY Model - Lattice Size: 16, Number of processors: 1------------------------------------------
XY Model - Lattice Size: 16, Timing: 180.60 seconds ------------------------
T=1.00, E=-2.00, M=1.00, E2=3.99, Cv=0.03
T=1.07, E=-2.00, M=1.00, E2=3.98, Cv=0.03
T=1.14, E=-1.99, M=1.00, E2=3.97, Cv=0.05
T=1.21, E=-1.99, M=1.00, E2=3.95, Cv=0.07
T=1.28, E=-1.98, M=1.00, E2=3.93, Cv=0.10
T=1.34, E=-1.97, M=0.99, E2=3.90, Cv=0.12
T=1.41, E=-1.96, M=0.99, E2=3.85, Cv=0.17
T=1.48, E=-1.95, M=0.99, E2=3.82, Cv=0.18
T=1.55, E=-1.94, M=0.98, E2=3.77, Cv=0.22
T=1.62, E=-1.92, M=0.98, E2=3.70, Cv=0.30
T=1.69, E=-1.91, M=0.97, E2=3.64, Cv=0.33
T=1.76, E=-1.88, M=0.96, E2=3.54, Cv=0.40
T=1.83, E=-1.84, M=0.95, E2=3.39, Cv=0.46
T=1.90, E=-1.80, M=0.94, E2=3.26, Cv=0.61
T=1.97, E=-1.77, M=0.92, E2=3.14, Cv=0.74
T=2.03, E=-1.70, M=0.87, E2=2.90, Cv=1.14
T=2.10, E=-1.66, M=0.87, E2=2.77, Cv=0.93
T=2.17, E=-1.56, M=0.80, E2=2.47, Cv=1.35
T=2.24, E=-1.52, M=0.76, E2=2.32, Cv=1.47
T=2.31, E=-1.37, M=0.61, E2=1.91, Cv=1.66
T=2.38, E=-1.29, M=0.53, E2=1.70, Cv=1.62
T=2.45, E=-1.22, M=0.51, E2=1.53, Cv=1.37
T=2.52, E=-1.12, M=0.38, E2=1.28, Cv=0.95
T=2.59, E=-1.05, M=0.31, E2=1.12, Cv=0.73
T=2.66, E=-0.99, M=0.23, E2=0.99, Cv=0.66
T=2.72, E=-0.93, M=0.21, E2=0.88, Cv=0.54
T=2.79, E=-0.94, M=0.27, E2=0.90, Cv=0.53
T=2.86, E=-0.88, M=0.19, E2=0.78, Cv=0.43
T=2.93, E=-0.84, M=0.17, E2=0.71, Cv=0.42
T=3.00, E=-0.80, M=0.16, E2=0.66, Cv=0.39
Ising Model - Lattice Size: 16, Number of processors: 2 ---------------------------------------
Ising Model - Lattice Size: 16, Timing: 30.15 seconds. -------------
T=0.50, E=-1.72, M=0.38, E2=2.96, Cv=1.47
T=0.53, E=-1.71, M=0.00, E2=2.91, Cv=0.69
T=0.57, E=-1.69, M=0.99, E2=2.86, Cv=0.65
T=0.60, E=-1.67, M=0.66, E2=2.78, Cv=0.66
T=0.64, E=-1.65, M=0.10, E2=2.71, Cv=0.69
T=0.67, E=-1.62, M=0.75, E2=2.63, Cv=0.84
T=0.71, E=-1.60, M=0.88, E2=2.55, Cv=0.70
T=0.74, E=-1.57, M=0.23, E2=2.47, Cv=0.79
T=0.78, E=-1.54, M=0.07, E2=2.38, Cv=0.68
T=0.81, E=-1.52, M=0.46, E2=2.31, Cv=0.76
T=0.84, E=-1.49, M=0.40, E2=2.23, Cv=0.93
T=0.88, E=-1.46, M=0.18, E2=2.15, Cv=0.81
T=0.91, E=-1.43, M=0.83, E2=2.06, Cv=0.84
T=0.95, E=-1.40, M=0.07, E2=1.97, Cv=0.97
T=0.98, E=-1.35, M=0.51, E2=1.83, Cv=0.88
T=1.02, E=-1.32, M=0.32, E2=1.75, Cv=1.34
T=1.05, E=-1.27, M=0.11, E2=1.61, Cv=1.27
T=1.09, E=-1.21, M=0.08, E2=1.48, Cv=1.24
T=1.12, E=-1.18, M=0.20, E2=1.40, Cv=1.36
T=1.16, E=-1.12, M=0.47, E2=1.25, Cv=1.58
T=1.19, E=-1.07, M=0.03, E2=1.14, Cv=1.27
T=1.22, E=-1.00, M=0.15, E2=1.01, Cv=1.27
T=1.26, E=-0.99, M=0.20, E2=0.98, Cv=1.02
T=1.29, E=-0.96, M=0.14, E2=0.92, Cv=0.95
T=1.33, E=-0.91, M=0.13, E2=0.83, Cv=0.98
T=1.36, E=-0.88, M=0.01, E2=0.79, Cv=0.81
T=1.40, E=-0.87, M=0.07, E2=0.76, Cv=0.83
T=1.43, E=-0.82, M=0.10, E2=0.68, Cv=0.77
T=1.47, E=-0.81, M=0.02, E2=0.66, Cv=0.73
T=1.50, E=-0.77, M=0.01, E2=0.60, Cv=0.65
XY Model - Lattice Size: 16, Number of processors: 2------------------------------------------
XY Model - Lattice Size: 16, Timing: 87.85 seconds ------------------------
T=1.00, E=-1.92, M=0.81, E2=3.71, Cv=4.60
T=1.07, E=-1.86, M=0.70, E2=3.50, Cv=5.63
T=1.14, E=-1.95, M=0.91, E2=3.82, Cv=2.35
T=1.21, E=-1.99, M=1.00, E2=3.95, Cv=0.07
T=1.28, E=-1.88, M=0.75, E2=3.56, Cv=3.99
T=1.34, E=-1.98, M=0.99, E2=3.91, Cv=0.12
T=1.41, E=-1.97, M=0.99, E2=3.87, Cv=0.15
T=1.48, E=-1.94, M=0.96, E2=3.75, Cv=0.73
T=1.55, E=-1.94, M=0.98, E2=3.76, Cv=0.24
T=1.62, E=-1.92, M=0.98, E2=3.69, Cv=0.28
T=1.69, E=-1.90, M=0.96, E2=3.60, Cv=0.59
T=1.76, E=-1.87, M=0.96, E2=3.52, Cv=0.40
T=1.83, E=-1.85, M=0.95, E2=3.42, Cv=0.44
T=1.90, E=-1.81, M=0.94, E2=3.28, Cv=0.59
T=1.97, E=-1.74, M=0.86, E2=3.03, Cv=1.41
T=2.03, E=-1.70, M=0.88, E2=2.92, Cv=0.99
T=2.10, E=-1.65, M=0.85, E2=2.74, Cv=1.21
T=2.17, E=-1.59, M=0.82, E2=2.57, Cv=1.24
T=2.24, E=-1.51, M=0.76, E2=2.30, Cv=1.31
T=2.31, E=-1.40, M=0.67, E2=1.99, Cv=1.49
T=2.38, E=-1.30, M=0.55, E2=1.72, Cv=1.56
T=2.45, E=-1.24, M=0.54, E2=1.57, Cv=1.35
T=2.52, E=-1.09, M=0.32, E2=1.21, Cv=0.85
T=2.59, E=-1.05, M=0.31, E2=1.13, Cv=0.84
T=2.66, E=-0.98, M=0.24, E2=0.97, Cv=0.69
T=2.72, E=-0.94, M=0.23, E2=0.90, Cv=0.58
T=2.79, E=-0.91, M=0.21, E2=0.84, Cv=0.56
T=2.86, E=-0.88, M=0.21, E2=0.79, Cv=0.48
T=2.93, E=-0.85, M=0.19, E2=0.74, Cv=0.44
T=3.00, E=-0.82, M=0.16, E2=0.69, Cv=0.38
Ising Model - Lattice Size: 16, Number of processors: 4 ---------------------------------------
Ising Model - Lattice Size: 16, Timing: 15.73 seconds. -------------
T=0.50, E=-1.71, M=0.32, E2=2.93, Cv=2.17
T=0.53, E=-1.69, M=0.35, E2=2.84, Cv=1.55
T=0.57, E=-1.67, M=0.58, E2=2.79, Cv=1.26
T=0.60, E=-1.65, M=0.40, E2=2.71, Cv=1.78
T=0.64, E=-1.64, M=0.20, E2=2.68, Cv=0.87
T=0.67, E=-1.62, M=0.18, E2=2.62, Cv=0.74
T=0.71, E=-1.58, M=0.17, E2=2.48, Cv=1.38
T=0.74, E=-1.55, M=0.67, E2=2.39, Cv=1.68
T=0.78, E=-1.53, M=0.01, E2=2.34, Cv=0.98
T=0.81, E=-1.51, M=0.29, E2=2.29, Cv=1.00
T=0.84, E=-1.48, M=0.20, E2=2.18, Cv=1.29
T=0.88, E=-1.45, M=0.35, E2=2.10, Cv=1.08
T=0.91, E=-1.43, M=0.32, E2=2.06, Cv=1.05
T=0.95, E=-1.39, M=0.18, E2=1.93, Cv=1.56
T=0.98, E=-1.34, M=0.20, E2=1.81, Cv=1.56
T=1.02, E=-1.31, M=0.06, E2=1.73, Cv=1.12
T=1.05, E=-1.28, M=0.33, E2=1.63, Cv=1.20
T=1.09, E=-1.23, M=0.27, E2=1.52, Cv=1.78
T=1.12, E=-1.17, M=0.17, E2=1.37, Cv=1.71
T=1.16, E=-1.13, M=0.06, E2=1.28, Cv=1.60
T=1.19, E=-1.08, M=0.12, E2=1.17, Cv=1.35
T=1.22, E=-1.04, M=0.11, E2=1.08, Cv=1.00
T=1.26, E=-0.97, M=0.07, E2=0.95, Cv=1.08
T=1.29, E=-0.94, M=0.13, E2=0.89, Cv=0.91
T=1.33, E=-0.91, M=0.04, E2=0.82, Cv=0.80
T=1.36, E=-0.87, M=0.03, E2=0.76, Cv=0.84
T=1.40, E=-0.87, M=0.05, E2=0.76, Cv=0.77
T=1.43, E=-0.83, M=0.03, E2=0.69, Cv=0.72
T=1.47, E=-0.81, M=0.01, E2=0.65, Cv=0.72
T=1.50, E=-0.78, M=0.04, E2=0.62, Cv=0.67
XY Model - Lattice Size: 16, Number of processors: 4------------------------------------------
XY Model - Lattice Size: 16, Timing: 45.17 seconds ------------------------
T=1.00, E=-1.92, M=0.79, E2=3.70, Cv=4.61
T=1.07, E=-1.92, M=0.81, E2=3.69, Cv=4.18
T=1.14, E=-1.93, M=0.84, E2=3.74, Cv=3.29
T=1.21, E=-1.98, M=0.98, E2=3.91, Cv=0.66
T=1.28, E=-1.92, M=0.86, E2=3.70, Cv=2.91
T=1.34, E=-1.98, M=0.99, E2=3.90, Cv=0.17
T=1.41, E=-1.81, M=0.64, E2=3.30, Cv=4.19
T=1.48, E=-1.95, M=0.99, E2=3.82, Cv=0.21
T=1.55, E=-1.94, M=0.98, E2=3.77, Cv=0.27
T=1.62, E=-1.91, M=0.96, E2=3.65, Cv=0.60
T=1.69, E=-1.87, M=0.91, E2=3.51, Cv=1.40
T=1.76, E=-1.87, M=0.96, E2=3.51, Cv=0.48
T=1.83, E=-1.84, M=0.95, E2=3.40, Cv=0.60
T=1.90, E=-1.75, M=0.85, E2=3.09, Cv=1.72
T=1.97, E=-1.75, M=0.90, E2=3.09, Cv=1.00
T=2.03, E=-1.72, M=0.90, E2=2.97, Cv=0.77
T=2.10, E=-1.67, M=0.87, E2=2.82, Cv=0.97
T=2.17, E=-1.57, M=0.81, E2=2.47, Cv=1.21
T=2.24, E=-1.42, M=0.64, E2=2.05, Cv=2.03
T=2.31, E=-1.39, M=0.65, E2=1.97, Cv=1.57
T=2.38, E=-1.25, M=0.52, E2=1.60, Cv=1.26
T=2.45, E=-1.17, M=0.43, E2=1.39, Cv=1.26
T=2.52, E=-1.07, M=0.31, E2=1.17, Cv=0.79
T=2.59, E=-1.09, M=0.38, E2=1.21, Cv=0.96
T=2.66, E=-0.99, M=0.27, E2=1.01, Cv=0.62
T=2.72, E=-0.96, M=0.25, E2=0.93, Cv=0.62
T=2.79, E=-0.92, M=0.23, E2=0.86, Cv=0.56
T=2.86, E=-0.88, M=0.20, E2=0.79, Cv=0.52
T=2.93, E=-0.84, M=0.18, E2=0.72, Cv=0.42
T=3.00, E=-0.82, M=0.18, E2=0.68, Cv=0.36
Ising Model - Lattice Size: 16, Number of processors: 8 ---------------------------------------
Ising Model - Lattice Size: 16, Timing: 8.45 seconds. -------------
T=0.50, E=-1.66, M=0.00, E2=2.77, Cv=3.60
T=0.53, E=-1.66, M=0.01, E2=2.75, Cv=3.10
T=0.57, E=-1.65, M=0.05, E2=2.73, Cv=2.13
T=0.60, E=-1.62, M=0.20, E2=2.64, Cv=2.24
T=0.64, E=-1.62, M=0.09, E2=2.64, Cv=1.35
T=0.67, E=-1.57, M=0.32, E2=2.47, Cv=2.01
T=0.71, E=-1.51, M=0.17, E2=2.30, Cv=1.80
T=0.74, E=-1.54, M=0.31, E2=2.37, Cv=2.01
T=0.78, E=-1.53, M=0.46, E2=2.33, Cv=1.38
T=0.81, E=-1.49, M=0.09, E2=2.22, Cv=1.51
T=0.84, E=-1.46, M=0.14, E2=2.12, Cv=1.80
T=0.88, E=-1.41, M=0.08, E2=2.00, Cv=1.73
T=0.91, E=-1.34, M=0.34, E2=1.81, Cv=1.82
T=0.95, E=-1.36, M=0.12, E2=1.87, Cv=1.63
T=0.98, E=-1.30, M=0.01, E2=1.70, Cv=1.84
T=1.02, E=-1.28, M=0.04, E2=1.64, Cv=1.81
T=1.05, E=-1.25, M=0.11, E2=1.56, Cv=1.55
T=1.09, E=-1.20, M=0.19, E2=1.45, Cv=1.45
T=1.12, E=-1.17, M=0.03, E2=1.38, Cv=1.76
T=1.16, E=-1.11, M=0.25, E2=1.24, Cv=1.47
T=1.19, E=-1.05, M=0.07, E2=1.11, Cv=1.31
T=1.22, E=-1.02, M=0.08, E2=1.05, Cv=1.10
T=1.26, E=-0.99, M=0.05, E2=1.00, Cv=1.08
T=1.29, E=-0.95, M=0.16, E2=0.91, Cv=1.09
T=1.33, E=-0.92, M=0.05, E2=0.85, Cv=0.90
T=1.36, E=-0.87, M=0.01, E2=0.77, Cv=0.87
T=1.40, E=-0.84, M=0.00, E2=0.72, Cv=0.77
T=1.43, E=-0.84, M=0.04, E2=0.72, Cv=0.66
T=1.47, E=-0.80, M=0.00, E2=0.64, Cv=0.67
T=1.50, E=-0.79, M=0.04, E2=0.63, Cv=0.64
XY Model - Lattice Size: 16, Number of processors: 8------------------------------------------
XY Model - Lattice Size: 16, Timing: 24.60 seconds ------------------------
T=1.00, E=-1.88, M=0.71, E2=3.54, Cv=5.66
T=1.07, E=-1.92, M=0.83, E2=3.71, Cv=4.11
T=1.14, E=-1.96, M=0.93, E2=3.84, Cv=1.90
T=1.21, E=-1.89, M=0.80, E2=3.60, Cv=3.86
T=1.28, E=-1.90, M=0.83, E2=3.63, Cv=3.27
T=1.34, E=-1.85, M=0.74, E2=3.43, Cv=4.01
T=1.41, E=-1.84, M=0.72, E2=3.41, Cv=3.82
T=1.48, E=-1.87, M=0.83, E2=3.51, Cv=2.66
T=1.55, E=-1.89, M=0.91, E2=3.59, Cv=1.65
T=1.62, E=-1.87, M=0.89, E2=3.51, Cv=1.62
T=1.69, E=-1.82, M=0.85, E2=3.33, Cv=2.01
T=1.76, E=-1.81, M=0.85, E2=3.30, Cv=2.10
T=1.83, E=-1.76, M=0.83, E2=3.12, Cv=2.46
T=1.90, E=-1.71, M=0.79, E2=2.97, Cv=2.38
T=1.97, E=-1.56, M=0.58, E2=2.49, Cv=2.95
T=2.03, E=-1.59, M=0.74, E2=2.57, Cv=1.83
T=2.10, E=-1.52, M=0.65, E2=2.35, Cv=2.27
T=2.17, E=-1.46, M=0.59, E2=2.16, Cv=2.13
T=2.24, E=-1.44, M=0.63, E2=2.12, Cv=1.86
T=2.31, E=-1.35, M=0.60, E2=1.86, Cv=1.54
T=2.38, E=-1.27, M=0.53, E2=1.65, Cv=1.61
T=2.45, E=-1.17, M=0.42, E2=1.39, Cv=1.16
T=2.52, E=-1.06, M=0.25, E2=1.14, Cv=0.68
T=2.59, E=-1.04, M=0.31, E2=1.10, Cv=0.86
T=2.66, E=-1.01, M=0.28, E2=1.04, Cv=0.70
T=2.72, E=-0.94, M=0.20, E2=0.89, Cv=0.52
T=2.79, E=-0.92, M=0.19, E2=0.86, Cv=0.50
T=2.86, E=-0.89, M=0.20, E2=0.80, Cv=0.58
T=2.93, E=-0.84, M=0.16, E2=0.71, Cv=0.40
T=3.00, E=-0.82, M=0.18, E2=0.69, Cv=0.43
Ising Model - Lattice Size: 16, Number of processors: 16 ---------------------------------------
Ising Model - Lattice Size: 16, Timing: 4.78 seconds. -------------
T=0.50, E=-1.64, M=0.27, E2=2.71, Cv=3.70
T=0.53, E=-1.61, M=0.19, E2=2.58, Cv=3.37
T=0.57, E=-1.61, M=0.09, E2=2.59, Cv=2.87
T=0.60, E=-1.56, M=0.06, E2=2.43, Cv=2.18
T=0.64, E=-1.55, M=0.07, E2=2.40, Cv=2.47
T=0.67, E=-1.53, M=0.10, E2=2.34, Cv=2.38
T=0.71, E=-1.50, M=0.15, E2=2.26, Cv=2.47
T=0.74, E=-1.49, M=0.06, E2=2.23, Cv=2.71
T=0.78, E=-1.46, M=0.03, E2=2.15, Cv=2.49
T=0.81, E=-1.43, M=0.14, E2=2.05, Cv=2.28
T=0.84, E=-1.40, M=0.21, E2=1.97, Cv=2.22
T=0.88, E=-1.39, M=0.02, E2=1.94, Cv=1.91
T=0.91, E=-1.36, M=0.03, E2=1.85, Cv=1.51
T=0.95, E=-1.31, M=0.11, E2=1.73, Cv=1.79
T=0.98, E=-1.28, M=0.06, E2=1.64, Cv=1.84
T=1.02, E=-1.26, M=0.16, E2=1.60, Cv=1.85
T=1.05, E=-1.19, M=0.06, E2=1.43, Cv=1.87
T=1.09, E=-1.17, M=0.19, E2=1.37, Cv=1.66
T=1.12, E=-1.14, M=0.01, E2=1.30, Cv=1.39
T=1.16, E=-1.09, M=0.12, E2=1.20, Cv=1.14
T=1.19, E=-1.05, M=0.18, E2=1.10, Cv=1.18
T=1.22, E=-1.03, M=0.08, E2=1.06, Cv=1.20
T=1.26, E=-0.99, M=0.04, E2=0.98, Cv=0.90
T=1.29, E=-0.94, M=0.03, E2=0.89, Cv=0.83
T=1.33, E=-0.92, M=0.01, E2=0.85, Cv=0.92
T=1.36, E=-0.89, M=0.02, E2=0.80, Cv=0.79
T=1.40, E=-0.86, M=0.00, E2=0.74, Cv=0.87
T=1.43, E=-0.82, M=0.02, E2=0.68, Cv=0.59
T=1.47, E=-0.81, M=0.04, E2=0.66, Cv=0.68
T=1.50, E=-0.77, M=0.02, E2=0.60, Cv=0.61
XY Model - Lattice Size: 16, Number of processors: 16------------------------------------------
XY Model - Lattice Size: 16, Timing: 14.08 seconds ------------------------
T=1.00, E=-1.85, M=0.68, E2=3.46, Cv=5.90
T=1.07, E=-1.83, M=0.68, E2=3.38, Cv=5.10
T=1.14, E=-1.77, M=0.53, E2=3.17, Cv=4.27
T=1.21, E=-1.85, M=0.76, E2=3.44, Cv=4.25
T=1.28, E=-1.80, M=0.64, E2=3.26, Cv=4.05
T=1.34, E=-1.82, M=0.73, E2=3.32, Cv=3.86
T=1.41, E=-1.82, M=0.76, E2=3.36, Cv=3.51
T=1.48, E=-1.78, M=0.73, E2=3.20, Cv=3.85
T=1.55, E=-1.72, M=0.63, E2=2.99, Cv=3.56
T=1.62, E=-1.70, M=0.64, E2=2.93, Cv=3.23
T=1.69, E=-1.67, M=0.61, E2=2.84, Cv=3.35
T=1.76, E=-1.67, M=0.65, E2=2.81, Cv=2.85
T=1.83, E=-1.63, M=0.62, E2=2.70, Cv=2.88
T=1.90, E=-1.60, M=0.62, E2=2.59, Cv=2.71
T=1.97, E=-1.57, M=0.65, E2=2.52, Cv=2.51
T=2.03, E=-1.50, M=0.53, E2=2.28, Cv=2.62
T=2.10, E=-1.38, M=0.41, E2=1.93, Cv=1.88
T=2.17, E=-1.36, M=0.43, E2=1.88, Cv=1.51
T=2.24, E=-1.33, M=0.50, E2=1.81, Cv=1.78
T=2.31, E=-1.24, M=0.41, E2=1.57, Cv=1.34
T=2.38, E=-1.20, M=0.38, E2=1.47, Cv=1.06
T=2.45, E=-1.15, M=0.36, E2=1.36, Cv=1.07
T=2.52, E=-1.08, M=0.32, E2=1.20, Cv=0.84
T=2.59, E=-1.03, M=0.28, E2=1.09, Cv=0.86
T=2.66, E=-0.99, M=0.26, E2=1.01, Cv=0.65
T=2.72, E=-0.93, M=0.20, E2=0.89, Cv=0.57
T=2.79, E=-0.91, M=0.20, E2=0.84, Cv=0.53
T=2.86, E=-0.88, M=0.20, E2=0.79, Cv=0.46
T=2.93, E=-0.85, M=0.18, E2=0.73, Cv=0.44
T=3.00, E=-0.82, M=0.18, E2=0.68, Cv=0.39
Ising Model - Lattice Size: 16, Number of processors: 32 ---------------------------------------
Ising Model - Lattice Size: 16, Timing: 3.01 seconds. -------------
T=0.50, E=-1.56, M=0.00, E2=2.44, Cv=6.51
T=0.53, E=-1.55, M=0.16, E2=2.41, Cv=4.10
T=0.57, E=-1.54, M=0.17, E2=2.37, Cv=3.91
T=0.60, E=-1.50, M=0.10, E2=2.25, Cv=3.47
T=0.64, E=-1.48, M=0.11, E2=2.20, Cv=3.45
T=0.67, E=-1.47, M=0.03, E2=2.18, Cv=3.28
T=0.71, E=-1.44, M=0.12, E2=2.07, Cv=2.92
T=0.74, E=-1.42, M=0.05, E2=2.01, Cv=2.80
T=0.78, E=-1.39, M=0.00, E2=1.94, Cv=2.43
T=0.81, E=-1.37, M=0.00, E2=1.90, Cv=2.22
T=0.84, E=-1.34, M=0.05, E2=1.82, Cv=2.55
T=0.88, E=-1.32, M=0.15, E2=1.74, Cv=2.29
T=0.91, E=-1.28, M=0.12, E2=1.65, Cv=2.12
T=0.95, E=-1.24, M=0.02, E2=1.54, Cv=1.59
T=0.98, E=-1.23, M=0.02, E2=1.52, Cv=1.83
T=1.02, E=-1.20, M=0.05, E2=1.44, Cv=1.43
T=1.05, E=-1.16, M=0.02, E2=1.35, Cv=1.50
T=1.09, E=-1.13, M=0.02, E2=1.29, Cv=1.50
T=1.12, E=-1.11, M=0.01, E2=1.24, Cv=1.44
T=1.16, E=-1.06, M=0.07, E2=1.14, Cv=1.66
T=1.19, E=-1.03, M=0.02, E2=1.08, Cv=0.90
T=1.22, E=-1.00, M=0.04, E2=1.01, Cv=1.08
T=1.26, E=-0.97, M=0.01, E2=0.94, Cv=1.01
T=1.29, E=-0.94, M=0.02, E2=0.89, Cv=1.02
T=1.33, E=-0.91, M=0.06, E2=0.83, Cv=0.85
T=1.36, E=-0.88, M=0.01, E2=0.78, Cv=0.74
T=1.40, E=-0.84, M=0.00, E2=0.72, Cv=0.76
T=1.43, E=-0.82, M=0.02, E2=0.67, Cv=0.73
T=1.47, E=-0.80, M=0.03, E2=0.65, Cv=0.72
T=1.50, E=-0.78, M=0.01, E2=0.61, Cv=0.66
XY Model - Lattice Size: 16, Number of processors: 32------------------------------------------
XY Model - Lattice Size: 16, Timing: 8.54 seconds ------------------------
T=1.00, E=-1.80, M=0.59, E2=3.27, Cv=5.74
T=1.07, E=-1.78, M=0.57, E2=3.18, Cv=4.87
T=1.14, E=-1.75, M=0.51, E2=3.08, Cv=4.18
T=1.21, E=-1.82, M=0.69, E2=3.34, Cv=4.67
T=1.28, E=-1.76, M=0.58, E2=3.12, Cv=4.60
T=1.34, E=-1.74, M=0.58, E2=3.06, Cv=3.52
T=1.41, E=-1.77, M=0.68, E2=3.17, Cv=3.44
T=1.48, E=-1.70, M=0.56, E2=2.93, Cv=3.32
T=1.55, E=-1.72, M=0.66, E2=3.00, Cv=3.39
T=1.62, E=-1.71, M=0.63, E2=2.95, Cv=3.16
T=1.69, E=-1.68, M=0.67, E2=2.85, Cv=2.78
T=1.76, E=-1.64, M=0.62, E2=2.72, Cv=2.86
T=1.83, E=-1.56, M=0.55, E2=2.48, Cv=2.71
T=1.90, E=-1.55, M=0.55, E2=2.42, Cv=2.34
T=1.97, E=-1.51, M=0.51, E2=2.31, Cv=2.54
T=2.03, E=-1.44, M=0.48, E2=2.11, Cv=1.78
T=2.10, E=-1.38, M=0.43, E2=1.93, Cv=1.57
T=2.17, E=-1.39, M=0.50, E2=1.96, Cv=2.03
T=2.24, E=-1.32, M=0.46, E2=1.79, Cv=1.56
T=2.31, E=-1.24, M=0.37, E2=1.55, Cv=1.20
T=2.38, E=-1.20, M=0.36, E2=1.46, Cv=1.26
T=2.45, E=-1.16, M=0.37, E2=1.36, Cv=1.12
T=2.52, E=-1.09, M=0.33, E2=1.20, Cv=0.88
T=2.59, E=-1.04, M=0.27, E2=1.10, Cv=0.73
T=2.66, E=-1.00, M=0.28, E2=1.02, Cv=0.74
T=2.72, E=-0.95, M=0.24, E2=0.92, Cv=0.60
T=2.79, E=-0.91, M=0.21, E2=0.84, Cv=0.53
T=2.86, E=-0.87, M=0.19, E2=0.78, Cv=0.44
T=2.93, E=-0.85, M=0.18, E2=0.74, Cv=0.43
T=3.00, E=-0.81, M=0.18, E2=0.67, Cv=0.35
Ising Model - Lattice Size: 16, Number of processors: 40 ---------------------------------------
Ising Model - Lattice Size: 16, Timing: 2.49 seconds. -------------
T=0.50, E=-1.53, M=0.10, E2=2.35, Cv=5.18
T=0.53, E=-1.51, M=0.07, E2=2.29, Cv=4.83
T=0.57, E=-1.48, M=0.06, E2=2.20, Cv=4.13
T=0.60, E=-1.49, M=0.03, E2=2.22, Cv=4.76
T=0.64, E=-1.45, M=0.07, E2=2.12, Cv=4.18
T=0.67, E=-1.42, M=0.03, E2=2.04, Cv=3.85
T=0.71, E=-1.42, M=0.09, E2=2.03, Cv=3.02
T=0.74, E=-1.39, M=0.05, E2=1.95, Cv=3.09
T=0.78, E=-1.36, M=0.09, E2=1.86, Cv=2.67
T=0.81, E=-1.34, M=0.12, E2=1.80, Cv=3.03
T=0.84, E=-1.32, M=0.03, E2=1.75, Cv=2.30
T=0.88, E=-1.28, M=0.03, E2=1.65, Cv=2.22
T=0.91, E=-1.26, M=0.04, E2=1.61, Cv=2.42
T=0.95, E=-1.22, M=0.05, E2=1.50, Cv=1.87
T=0.98, E=-1.21, M=0.02, E2=1.46, Cv=1.74
T=1.02, E=-1.17, M=0.06, E2=1.37, Cv=1.83
T=1.05, E=-1.14, M=0.01, E2=1.30, Cv=1.51
T=1.09, E=-1.11, M=0.06, E2=1.23, Cv=1.49
T=1.12, E=-1.07, M=0.04, E2=1.15, Cv=1.31
T=1.16, E=-1.05, M=0.00, E2=1.11, Cv=1.26
T=1.19, E=-1.02, M=0.00, E2=1.04, Cv=1.25
T=1.22, E=-0.98, M=0.03, E2=0.97, Cv=1.24
T=1.26, E=-0.96, M=0.02, E2=0.92, Cv=0.86
T=1.29, E=-0.93, M=0.06, E2=0.86, Cv=0.89
T=1.33, E=-0.89, M=0.03, E2=0.80, Cv=1.03
T=1.36, E=-0.87, M=0.01, E2=0.76, Cv=0.85
T=1.40, E=-0.84, M=0.01, E2=0.72, Cv=0.80
T=1.43, E=-0.82, M=0.03, E2=0.68, Cv=0.72
T=1.47, E=-0.79, M=0.00, E2=0.63, Cv=0.70
T=1.50, E=-0.78, M=0.05, E2=0.61, Cv=0.67
XY Model - Lattice Size: 16, Number of processors: 40------------------------------------------
XY Model - Lattice Size: 16, Timing: 7.14 seconds ------------------------
===================================================================================
SLURM job 7343278 ended:     Tue Apr 14 02:45:54 BST 2026 (Unix Epoch time: 1776131154)
This is an estimated end time using the 'date' command from node wee09.hpc.strath.ac.uk
For accurate timings, use 'sacct -j 7343278 -X --format=Submit,Start,End,Elapsed'
======================================================================================
